[15:15:58.243] [INFO] storybook v10.4.4
[15:15:58.794] [DEBUG] Getting package.json info for /home/vostro/Documentos/cursodev/package.json...
[15:15:58.797] [WARN] You are currently using Storybook [1m10.4.4[22m but you have packages which are incompatible with it:

- @storybook/addon-essentials@8.6.14 which depends on 8.6.14
 Repo: https://github.com/storybookjs/storybook/tree/next/code/addons/essentials
- @storybook/manager-webpack5@6.5.16 which depends on 6.5.16
 Repo: https://github.com/storybookjs/storybook/tree/main/lib/core

Please consider updating your packages or contacting the maintainers for compatibility details.

For more details on compatibility guidance, see:
https://github.com/storybookjs/storybook/issues/32836
[15:15:58.958] [ERROR] [38;2;241;97;97mSB_CORE-SERVER_0002 (CriticalPresetLoadError): Storybook failed to load the following preset: @storybook/react-webpack5/preset.

Please check whether your setup is correct, the Storybook dependencies (and their peer dependencies) are installed correctly and there are no package version clashes.

If you believe this is a bug, please open an issue on Github.

Error [ERR_MODULE_NOT_FOUND]: Cannot find package '@storybook/react-webpack5' imported from ./node_modules/storybook/dist/_node-chunks/chunk-ULZBLQ6I.js
    at packageResolve (node:internal/modules/esm/resolve:873:9)
    at moduleResolve (node:internal/modules/esm/resolve:946:18)
    at defaultResolve (node:internal/modules/esm/resolve:1188:11)
    at nextResolve (node:internal/modules/esm/hooks:864:28)
    at Hooks.resolve (node:internal/modules/esm/hooks:306:30)
    at MessagePort.handleMessage (node:internal/modules/esm/worker:196:24)
    at [nodejs.internal.kHybridDispatch] (node:internal/event_target:831:20)
    at MessagePort.<anonymous> (node:internal/per_context/messageport:23:28)

More info: 
[39m
    at loadPreset (file://./node_modules/storybook/dist/_node-chunks/chunk-3FBJJ3J7.js:9157:13)
    at async Promise.all (index 0)
    at async loadPresets (file://./node_modules/storybook/dist/_node-chunks/chunk-3FBJJ3J7.js:9166:73)
    at async getPresets (file://./node_modules/storybook/dist/_node-chunks/chunk-3FBJJ3J7.js:9197:23)
    at async buildDevStandalone (file://./node_modules/storybook/dist/core-server/index.js:11991:52)
    at async withTelemetry (file://./node_modules/storybook/dist/_node-chunks/chunk-TQLYOGGH.js:655:12)
    at async dev (file://./node_modules/storybook/dist/bin/core.js:2735:3)
    at async _Command.<anonymous> (file://./node_modules/storybook/dist/bin/core.js:2805:92)
[15:15:58.968] [WARN] Broken build, fix the error above.
You may need to refresh the browser.